2025-03-30 14:59:49 [restartedMain] INFO  c.f.a.d.DocGeneratorApplication - Starting DocGeneratorApplication using Java 17 with PID 38896 (/home/carlos/repositories/doc-generator/build/classes/java/main started by carlos in /home/carlos/repositories/doc-generator)
2025-03-30 14:59:49 [restartedMain] DEBUG c.f.a.d.DocGeneratorApplication - Running with Spring Boot v3.4.4, Spring v6.2.5
2025-03-30 14:59:49 [restartedMain] INFO  c.f.a.d.DocGeneratorApplication - No active profile set, falling back to 1 default profile: "default"
2025-03-30 14:59:49 [restartedMain] INFO  o.s.b.d.e.DevToolsPropertyDefaultsPostProcessor - Devtools property defaults active! Set 'spring.devtools.add-properties' to 'false' to disable
2025-03-30 14:59:49 [restartedMain] INFO  o.s.b.d.e.DevToolsPropertyDefaultsPostProcessor - For additional web related logging consider setting the 'logging.level.web' property to 'DEBUG'
2025-03-30 14:59:50 [restartedMain] INFO  o.s.b.w.e.tomcat.TomcatWebServer - Tomcat initialized with port 8080 (http)
2025-03-30 14:59:50 [restartedMain] INFO  o.a.catalina.core.StandardService - Starting service [Tomcat]
2025-03-30 14:59:50 [restartedMain] INFO  o.a.catalina.core.StandardEngine - Starting Servlet engine: [Apache Tomcat/10.1.39]
2025-03-30 14:59:50 [restartedMain] INFO  o.a.c.c.C.[Tomcat].[localhost].[/] - Initializing Spring embedded WebApplicationContext
2025-03-30 14:59:50 [restartedMain] INFO  o.s.b.w.s.c.ServletWebServerApplicationContext - Root WebApplicationContext: initialization completed in 1020 ms
2025-03-30 14:59:50 [restartedMain] INFO  c.f.a.d.s.impl.DocumentoServiceImpl - Generadores de documentos inicializados
2025-03-30 14:59:50 [restartedMain] INFO  o.s.v.b.OptionalValidatorFactoryBean - Failed to set up a Bean Validation provider: jakarta.validation.NoProviderFoundException: Unable to create a Configuration, because no Jakarta Bean Validation provider could be found. Add a provider like Hibernate Validator (RI) to your classpath.
2025-03-30 14:59:50 [restartedMain] INFO  o.s.b.d.a.OptionalLiveReloadServer - LiveReload server is running on port 35729
2025-03-30 14:59:50 [restartedMain] INFO  o.s.b.w.e.tomcat.TomcatWebServer - Tomcat started on port 8080 (http) with context path '/'
2025-03-30 14:59:50 [restartedMain] INFO  c.f.a.d.DocGeneratorApplication - Started DocGeneratorApplication in 2.04 seconds (process running for 2.392)
2025-03-30 14:59:55 [http-nio-8080-exec-1] INFO  o.a.c.c.C.[Tomcat].[localhost].[/] - Initializing Spring DispatcherServlet 'dispatcherServlet'
2025-03-30 14:59:55 [http-nio-8080-exec-1] INFO  o.s.web.servlet.DispatcherServlet - Initializing Servlet 'dispatcherServlet'
2025-03-30 14:59:55 [http-nio-8080-exec-1] INFO  o.s.web.servlet.DispatcherServlet - Completed initialization in 0 ms
2025-03-30 14:59:55 [http-nio-8080-exec-1] INFO  c.f.a.d.c.DocumentoController - Iniciando generación de declaración 236
2025-03-30 14:59:55 [http-nio-8080-exec-1] DEBUG c.f.a.d.c.DocumentoController - Request recibido: DocumentoRequest(tipoDocumento=null, body={year=2024, fromName=Juan Pérez, fromIdentification=12345678, fromLocation=Bogotá, fromProfessionalNumber=MP-98765, installationDescription=Instalación eléctrica residencial monofásica, projectName=Edificio Los Pinos, projectLocation=Calle 123, projectAddress=Medellín, userName=María Rodríguez, userIdentification=87654321, signatureLocation=Medellín, signatureDate=01 de abril de 2024, signature=Juan Pérez, comments=Sin observaciones adicionales, annexedDocuments=1. Esquema eléctrico
2. Memoria de cálculo})
2025-03-30 14:59:55 [http-nio-8080-exec-1] DEBUG c.f.a.d.c.DocumentoController - Tipo de documento establecido: DECLARACION_236
2025-03-30 14:59:55 [http-nio-8080-exec-1] INFO  c.f.a.d.s.impl.DocumentoServiceImpl - Iniciando generación de documento individual
2025-03-30 14:59:55 [http-nio-8080-exec-1] DEBUG c.f.a.d.s.impl.DocumentoServiceImpl - Request recibido en servicio: DocumentoRequest(tipoDocumento=DECLARACION_236, body={year=2024, fromName=Juan Pérez, fromIdentification=12345678, fromLocation=Bogotá, fromProfessionalNumber=MP-98765, installationDescription=Instalación eléctrica residencial monofásica, projectName=Edificio Los Pinos, projectLocation=Calle 123, projectAddress=Medellín, userName=María Rodríguez, userIdentification=87654321, signatureLocation=Medellín, signatureDate=01 de abril de 2024, signature=Juan Pérez, comments=Sin observaciones adicionales, annexedDocuments=1. Esquema eléctrico
2. Memoria de cálculo})
2025-03-30 14:59:55 [http-nio-8080-exec-1] DEBUG c.f.a.d.s.impl.DocumentoServiceImpl - Tipo de documento en request: DECLARACION_236
2025-03-30 14:59:55 [http-nio-8080-exec-1] DEBUG c.f.a.d.s.impl.DocumentoServiceImpl - Generadores disponibles: [NO_HAY_PERMISO_LINEAS_CARRETERA, AUTORIZACION_CONEXION, DECLARACION_236, AUTORIZACION_TRAMITES, SOLICITUD_CODIGOS_SPARD]
2025-03-30 14:59:55 [http-nio-8080-exec-1] DEBUG c.f.a.d.s.impl.DocumentoServiceImpl - Generando documento con el generador: Declaracion236Generator
2025-03-30 14:59:55 [http-nio-8080-exec-1] INFO  c.f.a.d.s.i.Declaracion236Generator - Iniciando generación de documento Declaracion236
2025-03-30 14:59:55 [http-nio-8080-exec-1] DEBUG c.f.a.d.s.i.Declaracion236Generator - Datos convertidos: Declaracion236(year=2024, fromName=Juan Pérez, fromIdentification=12345678, fromLocation=Bogotá, fromProfessionalNumber=MP-98765, installationDescription=Instalación eléctrica residencial monofásica, projectName=Edificio Los Pinos, projectLocation=Calle 123, projectAddress=Medellín, userName=María Rodríguez, userIdentification=87654321, signatureLocation=Medellín, signatureDate=01 de abril de 2024, signature=Juan Pérez, comments=Sin observaciones adicionales, annexedDocuments=1. Esquema eléctrico
2. Memoria de cálculo)
2025-03-30 14:59:55 [http-nio-8080-exec-1] DEBUG c.f.a.d.s.i.Declaracion236Generator - Plantilla cargada correctamente
2025-03-30 14:59:55 [http-nio-8080-exec-1] INFO  c.f.a.d.s.i.Declaracion236Generator - Documento generado exitosamente
2025-03-30 14:59:55 [http-nio-8080-exec-1] INFO  c.f.a.d.s.impl.DocumentoServiceImpl - Documento generado exitosamente
2025-03-30 14:59:55 [http-nio-8080-exec-1] DEBUG c.f.a.d.c.DocumentoController - Declaración 236 generada exitosamente
2025-03-30 15:02:15 [SpringApplicationShutdownHook] INFO  o.s.b.w.e.tomcat.GracefulShutdown - Commencing graceful shutdown. Waiting for active requests to complete
2025-03-30 15:02:15 [tomcat-shutdown] INFO  o.s.b.w.e.tomcat.GracefulShutdown - Graceful shutdown complete
2025-03-30 15:02:23 [restartedMain] INFO  c.f.a.d.DocGeneratorApplication - Starting DocGeneratorApplication using Java 17 with PID 40268 (/home/carlos/repositories/doc-generator/build/classes/java/main started by carlos in /home/carlos/repositories/doc-generator)
2025-03-30 15:02:23 [restartedMain] DEBUG c.f.a.d.DocGeneratorApplication - Running with Spring Boot v3.4.4, Spring v6.2.5
2025-03-30 15:02:23 [restartedMain] INFO  c.f.a.d.DocGeneratorApplication - No active profile set, falling back to 1 default profile: "default"
2025-03-30 15:02:23 [restartedMain] INFO  o.s.b.d.e.DevToolsPropertyDefaultsPostProcessor - Devtools property defaults active! Set 'spring.devtools.add-properties' to 'false' to disable
2025-03-30 15:02:23 [restartedMain] INFO  o.s.b.d.e.DevToolsPropertyDefaultsPostProcessor - For additional web related logging consider setting the 'logging.level.web' property to 'DEBUG'
2025-03-30 15:02:24 [restartedMain] INFO  o.s.b.w.e.tomcat.TomcatWebServer - Tomcat initialized with port 8080 (http)
2025-03-30 15:02:24 [restartedMain] INFO  o.a.catalina.core.StandardService - Starting service [Tomcat]
2025-03-30 15:02:24 [restartedMain] INFO  o.a.catalina.core.StandardEngine - Starting Servlet engine: [Apache Tomcat/10.1.39]
2025-03-30 15:02:24 [restartedMain] INFO  o.a.c.c.C.[Tomcat].[localhost].[/] - Initializing Spring embedded WebApplicationContext
2025-03-30 15:02:24 [restartedMain] INFO  o.s.b.w.s.c.ServletWebServerApplicationContext - Root WebApplicationContext: initialization completed in 1080 ms
2025-03-30 15:02:24 [restartedMain] INFO  c.f.a.d.s.impl.DocumentoServiceImpl - Generadores de documentos inicializados
2025-03-30 15:02:25 [restartedMain] INFO  o.s.v.b.OptionalValidatorFactoryBean - Failed to set up a Bean Validation provider: jakarta.validation.NoProviderFoundException: Unable to create a Configuration, because no Jakarta Bean Validation provider could be found. Add a provider like Hibernate Validator (RI) to your classpath.
2025-03-30 15:02:25 [restartedMain] INFO  o.s.b.d.a.OptionalLiveReloadServer - LiveReload server is running on port 35729
2025-03-30 15:02:25 [restartedMain] INFO  o.s.b.w.e.tomcat.TomcatWebServer - Tomcat started on port 8080 (http) with context path '/'
2025-03-30 15:02:25 [restartedMain] INFO  c.f.a.d.DocGeneratorApplication - Started DocGeneratorApplication in 2.114 seconds (process running for 2.481)
2025-03-30 15:03:42 [SpringApplicationShutdownHook] INFO  o.s.b.w.e.tomcat.GracefulShutdown - Commencing graceful shutdown. Waiting for active requests to complete
2025-03-30 15:03:42 [tomcat-shutdown] INFO  o.s.b.w.e.tomcat.GracefulShutdown - Graceful shutdown complete
2025-03-30 15:03:46 [restartedMain] INFO  c.f.a.d.DocGeneratorApplication - Starting DocGeneratorApplication using Java 17 with PID 40977 (/home/carlos/repositories/doc-generator/build/classes/java/main started by carlos in /home/carlos/repositories/doc-generator)
2025-03-30 15:03:46 [restartedMain] DEBUG c.f.a.d.DocGeneratorApplication - Running with Spring Boot v3.4.4, Spring v6.2.5
2025-03-30 15:03:46 [restartedMain] INFO  c.f.a.d.DocGeneratorApplication - No active profile set, falling back to 1 default profile: "default"
2025-03-30 15:03:46 [restartedMain] INFO  o.s.b.d.e.DevToolsPropertyDefaultsPostProcessor - Devtools property defaults active! Set 'spring.devtools.add-properties' to 'false' to disable
2025-03-30 15:03:46 [restartedMain] INFO  o.s.b.d.e.DevToolsPropertyDefaultsPostProcessor - For additional web related logging consider setting the 'logging.level.web' property to 'DEBUG'
2025-03-30 15:03:47 [restartedMain] INFO  o.s.b.w.e.tomcat.TomcatWebServer - Tomcat initialized with port 8080 (http)
2025-03-30 15:03:47 [restartedMain] INFO  o.a.catalina.core.StandardService - Starting service [Tomcat]
2025-03-30 15:03:47 [restartedMain] INFO  o.a.catalina.core.StandardEngine - Starting Servlet engine: [Apache Tomcat/10.1.39]
2025-03-30 15:03:47 [restartedMain] INFO  o.a.c.c.C.[Tomcat].[localhost].[/] - Initializing Spring embedded WebApplicationContext
2025-03-30 15:03:47 [restartedMain] INFO  o.s.b.w.s.c.ServletWebServerApplicationContext - Root WebApplicationContext: initialization completed in 768 ms
2025-03-30 15:03:47 [restartedMain] INFO  c.f.a.d.s.impl.DocumentoServiceImpl - Generadores de documentos inicializados
2025-03-30 15:03:47 [restartedMain] INFO  o.s.v.b.OptionalValidatorFactoryBean - Failed to set up a Bean Validation provider: jakarta.validation.NoProviderFoundException: Unable to create a Configuration, because no Jakarta Bean Validation provider could be found. Add a provider like Hibernate Validator (RI) to your classpath.
2025-03-30 15:03:47 [restartedMain] INFO  o.s.b.d.a.OptionalLiveReloadServer - LiveReload server is running on port 35729
2025-03-30 15:03:47 [restartedMain] INFO  o.s.b.w.e.tomcat.TomcatWebServer - Tomcat started on port 8080 (http) with context path '/'
2025-03-30 15:03:47 [restartedMain] INFO  c.f.a.d.DocGeneratorApplication - Started DocGeneratorApplication in 1.475 seconds (process running for 1.754)
2025-03-30 15:04:17 [http-nio-8080-exec-1] INFO  o.a.c.c.C.[Tomcat].[localhost].[/] - Initializing Spring DispatcherServlet 'dispatcherServlet'
2025-03-30 15:04:17 [http-nio-8080-exec-1] INFO  o.s.web.servlet.DispatcherServlet - Initializing Servlet 'dispatcherServlet'
2025-03-30 15:04:17 [http-nio-8080-exec-1] INFO  o.s.web.servlet.DispatcherServlet - Completed initialization in 1 ms
2025-03-30 15:04:17 [http-nio-8080-exec-1] INFO  c.f.a.d.c.DocumentoController - Iniciando generación de declaración 236
2025-03-30 15:04:17 [http-nio-8080-exec-1] DEBUG c.f.a.d.c.DocumentoController - Request recibido: DocumentoRequest(tipoDocumento=null, body={year=2024, fromName=Juan Pérez, fromIdentification=12345678, fromLocation=Bogotá, fromProfessionalNumber=MP-98765, installationDescription=Instalación eléctrica residencial monofásica, projectName=Edificio Los Pinos, projectLocation=Calle 123, projectAddress=Medellín, userName=María Rodríguez, userIdentification=87654321, signatureLocation=Medellín, signatureDate=01 de abril de 2024, signature=Juan Pérez, comments=Sin observaciones adicionales, annexedDocuments=1. Esquema eléctrico
2. Memoria de cálculo, responsibleAddress=Calle 456, Bogotá, phone=3001234567})
2025-03-30 15:04:17 [http-nio-8080-exec-1] DEBUG c.f.a.d.c.DocumentoController - Tipo de documento establecido: DECLARACION_236
2025-03-30 15:04:17 [http-nio-8080-exec-1] INFO  c.f.a.d.s.impl.DocumentoServiceImpl - Iniciando generación de documento individual
2025-03-30 15:04:17 [http-nio-8080-exec-1] DEBUG c.f.a.d.s.impl.DocumentoServiceImpl - Request recibido en servicio: DocumentoRequest(tipoDocumento=DECLARACION_236, body={year=2024, fromName=Juan Pérez, fromIdentification=12345678, fromLocation=Bogotá, fromProfessionalNumber=MP-98765, installationDescription=Instalación eléctrica residencial monofásica, projectName=Edificio Los Pinos, projectLocation=Calle 123, projectAddress=Medellín, userName=María Rodríguez, userIdentification=87654321, signatureLocation=Medellín, signatureDate=01 de abril de 2024, signature=Juan Pérez, comments=Sin observaciones adicionales, annexedDocuments=1. Esquema eléctrico
2. Memoria de cálculo, responsibleAddress=Calle 456, Bogotá, phone=3001234567})
2025-03-30 15:04:17 [http-nio-8080-exec-1] DEBUG c.f.a.d.s.impl.DocumentoServiceImpl - Tipo de documento en request: DECLARACION_236
2025-03-30 15:04:17 [http-nio-8080-exec-1] DEBUG c.f.a.d.s.impl.DocumentoServiceImpl - Generadores disponibles: [NO_HAY_PERMISO_LINEAS_CARRETERA, AUTORIZACION_CONEXION, DECLARACION_236, AUTORIZACION_TRAMITES, SOLICITUD_CODIGOS_SPARD]
2025-03-30 15:04:17 [http-nio-8080-exec-1] DEBUG c.f.a.d.s.impl.DocumentoServiceImpl - Generando documento con el generador: Declaracion236Generator
2025-03-30 15:04:17 [http-nio-8080-exec-1] INFO  c.f.a.d.s.i.Declaracion236Generator - Iniciando generación de documento Declaracion236
2025-03-30 15:04:17 [http-nio-8080-exec-1] DEBUG c.f.a.d.s.i.Declaracion236Generator - Datos convertidos: Declaracion236(year=2024, fromName=Juan Pérez, fromIdentification=12345678, fromLocation=Bogotá, fromProfessionalNumber=MP-98765, installationDescription=Instalación eléctrica residencial monofásica, projectName=Edificio Los Pinos, projectLocation=Calle 123, projectAddress=Medellín, userName=María Rodríguez, userIdentification=87654321, signatureLocation=Medellín, signatureDate=01 de abril de 2024, signature=Juan Pérez, comments=Sin observaciones adicionales, annexedDocuments=1. Esquema eléctrico
2. Memoria de cálculo, responsibleAddress=Calle 456, Bogotá, phone=3001234567)
2025-03-30 15:04:18 [http-nio-8080-exec-1] DEBUG c.f.a.d.s.i.Declaracion236Generator - Plantilla cargada correctamente
2025-03-30 15:04:18 [http-nio-8080-exec-1] INFO  c.f.a.d.s.i.Declaracion236Generator - Documento generado exitosamente
2025-03-30 15:04:18 [http-nio-8080-exec-1] INFO  c.f.a.d.s.impl.DocumentoServiceImpl - Documento generado exitosamente
2025-03-30 15:04:18 [http-nio-8080-exec-1] DEBUG c.f.a.d.c.DocumentoController - Declaración 236 generada exitosamente
2025-03-30 15:06:18 [SpringApplicationShutdownHook] INFO  o.s.b.w.e.tomcat.GracefulShutdown - Commencing graceful shutdown. Waiting for active requests to complete
2025-03-30 15:06:18 [tomcat-shutdown] INFO  o.s.b.w.e.tomcat.GracefulShutdown - Graceful shutdown complete
2025-03-30 15:06:22 [restartedMain] INFO  c.f.a.d.DocGeneratorApplication - Starting DocGeneratorApplication using Java 17 with PID 42212 (/home/carlos/repositories/doc-generator/build/classes/java/main started by carlos in /home/carlos/repositories/doc-generator)
2025-03-30 15:06:22 [restartedMain] DEBUG c.f.a.d.DocGeneratorApplication - Running with Spring Boot v3.4.4, Spring v6.2.5
2025-03-30 15:06:22 [restartedMain] INFO  c.f.a.d.DocGeneratorApplication - No active profile set, falling back to 1 default profile: "default"
2025-03-30 15:06:22 [restartedMain] INFO  o.s.b.d.e.DevToolsPropertyDefaultsPostProcessor - Devtools property defaults active! Set 'spring.devtools.add-properties' to 'false' to disable
2025-03-30 15:06:22 [restartedMain] INFO  o.s.b.d.e.DevToolsPropertyDefaultsPostProcessor - For additional web related logging consider setting the 'logging.level.web' property to 'DEBUG'
2025-03-30 15:06:22 [restartedMain] INFO  o.s.b.w.e.tomcat.TomcatWebServer - Tomcat initialized with port 8080 (http)
2025-03-30 15:06:22 [restartedMain] INFO  o.a.catalina.core.StandardService - Starting service [Tomcat]
2025-03-30 15:06:22 [restartedMain] INFO  o.a.catalina.core.StandardEngine - Starting Servlet engine: [Apache Tomcat/10.1.39]
2025-03-30 15:06:22 [restartedMain] INFO  o.a.c.c.C.[Tomcat].[localhost].[/] - Initializing Spring embedded WebApplicationContext
2025-03-30 15:06:22 [restartedMain] INFO  o.s.b.w.s.c.ServletWebServerApplicationContext - Root WebApplicationContext: initialization completed in 751 ms
2025-03-30 15:06:22 [restartedMain] INFO  c.f.a.d.s.impl.DocumentoServiceImpl - Generadores de documentos inicializados
2025-03-30 15:06:23 [restartedMain] INFO  o.s.v.b.OptionalValidatorFactoryBean - Failed to set up a Bean Validation provider: jakarta.validation.NoProviderFoundException: Unable to create a Configuration, because no Jakarta Bean Validation provider could be found. Add a provider like Hibernate Validator (RI) to your classpath.
2025-03-30 15:06:23 [restartedMain] INFO  o.s.b.d.a.OptionalLiveReloadServer - LiveReload server is running on port 35729
2025-03-30 15:06:23 [restartedMain] INFO  o.s.b.w.e.tomcat.TomcatWebServer - Tomcat started on port 8080 (http) with context path '/'
2025-03-30 15:06:23 [restartedMain] INFO  c.f.a.d.DocGeneratorApplication - Started DocGeneratorApplication in 1.54 seconds (process running for 1.868)
2025-03-30 15:06:33 [http-nio-8080-exec-1] INFO  o.a.c.c.C.[Tomcat].[localhost].[/] - Initializing Spring DispatcherServlet 'dispatcherServlet'
2025-03-30 15:06:33 [http-nio-8080-exec-1] INFO  o.s.web.servlet.DispatcherServlet - Initializing Servlet 'dispatcherServlet'
2025-03-30 15:06:33 [http-nio-8080-exec-1] INFO  o.s.web.servlet.DispatcherServlet - Completed initialization in 1 ms
2025-03-30 15:06:33 [http-nio-8080-exec-1] INFO  c.f.a.d.c.DocumentoController - Iniciando generación de declaración 236
2025-03-30 15:06:33 [http-nio-8080-exec-1] DEBUG c.f.a.d.c.DocumentoController - Request recibido: DocumentoRequest(tipoDocumento=null, body={year=2024, fromName=Juan Pérez, fromIdentification=12345678, fromLocation=Bogotá, fromProfessionalNumber=MP-98765, installationDescription=Instalación eléctrica residencial monofásica, projectName=Edificio Los Pinos, projectLocation=Calle 123, projectAddress=Medellín, userName=María Rodríguez, userIdentification=87654321, signatureLocation=Medellín, signatureDate=01 de abril de 2024, signature=Juan Pérez, comments=Sin observaciones adicionales, annexedDocuments=1. Esquema eléctrico
2. Memoria de cálculo, responsibleAddress=Calle 456, Bogotá, phone=3001234567})
2025-03-30 15:06:33 [http-nio-8080-exec-1] DEBUG c.f.a.d.c.DocumentoController - Tipo de documento establecido: DECLARACION_236
2025-03-30 15:06:33 [http-nio-8080-exec-1] INFO  c.f.a.d.s.impl.DocumentoServiceImpl - Iniciando generación de documento individual
2025-03-30 15:06:33 [http-nio-8080-exec-1] DEBUG c.f.a.d.s.impl.DocumentoServiceImpl - Request recibido en servicio: DocumentoRequest(tipoDocumento=DECLARACION_236, body={year=2024, fromName=Juan Pérez, fromIdentification=12345678, fromLocation=Bogotá, fromProfessionalNumber=MP-98765, installationDescription=Instalación eléctrica residencial monofásica, projectName=Edificio Los Pinos, projectLocation=Calle 123, projectAddress=Medellín, userName=María Rodríguez, userIdentification=87654321, signatureLocation=Medellín, signatureDate=01 de abril de 2024, signature=Juan Pérez, comments=Sin observaciones adicionales, annexedDocuments=1. Esquema eléctrico
2. Memoria de cálculo, responsibleAddress=Calle 456, Bogotá, phone=3001234567})
2025-03-30 15:06:33 [http-nio-8080-exec-1] DEBUG c.f.a.d.s.impl.DocumentoServiceImpl - Tipo de documento en request: DECLARACION_236
2025-03-30 15:06:33 [http-nio-8080-exec-1] DEBUG c.f.a.d.s.impl.DocumentoServiceImpl - Generadores disponibles: [NO_HAY_PERMISO_LINEAS_CARRETERA, AUTORIZACION_CONEXION, DECLARACION_236, AUTORIZACION_TRAMITES, SOLICITUD_CODIGOS_SPARD]
2025-03-30 15:06:33 [http-nio-8080-exec-1] DEBUG c.f.a.d.s.impl.DocumentoServiceImpl - Generando documento con el generador: Declaracion236Generator
2025-03-30 15:06:33 [http-nio-8080-exec-1] INFO  c.f.a.d.s.i.Declaracion236Generator - Iniciando generación de documento Declaracion236
2025-03-30 15:06:33 [http-nio-8080-exec-1] DEBUG c.f.a.d.s.i.Declaracion236Generator - Datos convertidos: Declaracion236(year=2024, fromName=Juan Pérez, fromIdentification=12345678, fromLocation=Bogotá, fromProfessionalNumber=MP-98765, installationDescription=Instalación eléctrica residencial monofásica, projectName=Edificio Los Pinos, projectLocation=Calle 123, projectAddress=Medellín, userName=María Rodríguez, userIdentification=87654321, signatureLocation=Medellín, signatureDate=01 de abril de 2024, signature=Juan Pérez, comments=Sin observaciones adicionales, annexedDocuments=1. Esquema eléctrico
2. Memoria de cálculo, responsibleAddress=Calle 456, Bogotá, phone=3001234567)
2025-03-30 15:06:33 [http-nio-8080-exec-1] DEBUG c.f.a.d.s.i.Declaracion236Generator - Plantilla cargada correctamente
2025-03-30 15:06:34 [http-nio-8080-exec-1] INFO  c.f.a.d.s.i.Declaracion236Generator - Documento generado exitosamente
2025-03-30 15:06:34 [http-nio-8080-exec-1] INFO  c.f.a.d.s.impl.DocumentoServiceImpl - Documento generado exitosamente
2025-03-30 15:06:34 [http-nio-8080-exec-1] DEBUG c.f.a.d.c.DocumentoController - Declaración 236 generada exitosamente
2025-03-30 15:08:37 [SpringApplicationShutdownHook] INFO  o.s.b.w.e.tomcat.GracefulShutdown - Commencing graceful shutdown. Waiting for active requests to complete
2025-03-30 15:08:37 [tomcat-shutdown] INFO  o.s.b.w.e.tomcat.GracefulShutdown - Graceful shutdown complete
2025-03-30 15:08:41 [restartedMain] INFO  c.f.a.d.DocGeneratorApplication - Starting DocGeneratorApplication using Java 17 with PID 43251 (/home/carlos/repositories/doc-generator/build/classes/java/main started by carlos in /home/carlos/repositories/doc-generator)
2025-03-30 15:08:41 [restartedMain] DEBUG c.f.a.d.DocGeneratorApplication - Running with Spring Boot v3.4.4, Spring v6.2.5
2025-03-30 15:08:41 [restartedMain] INFO  c.f.a.d.DocGeneratorApplication - No active profile set, falling back to 1 default profile: "default"
2025-03-30 15:08:41 [restartedMain] INFO  o.s.b.d.e.DevToolsPropertyDefaultsPostProcessor - Devtools property defaults active! Set 'spring.devtools.add-properties' to 'false' to disable
2025-03-30 15:08:41 [restartedMain] INFO  o.s.b.d.e.DevToolsPropertyDefaultsPostProcessor - For additional web related logging consider setting the 'logging.level.web' property to 'DEBUG'
2025-03-30 15:08:41 [restartedMain] INFO  o.s.b.w.e.tomcat.TomcatWebServer - Tomcat initialized with port 8080 (http)
2025-03-30 15:08:41 [restartedMain] INFO  o.a.catalina.core.StandardService - Starting service [Tomcat]
2025-03-30 15:08:41 [restartedMain] INFO  o.a.catalina.core.StandardEngine - Starting Servlet engine: [Apache Tomcat/10.1.39]
2025-03-30 15:08:42 [restartedMain] INFO  o.a.c.c.C.[Tomcat].[localhost].[/] - Initializing Spring embedded WebApplicationContext
2025-03-30 15:08:42 [restartedMain] INFO  o.s.b.w.s.c.ServletWebServerApplicationContext - Root WebApplicationContext: initialization completed in 741 ms
2025-03-30 15:08:42 [restartedMain] INFO  c.f.a.d.s.impl.DocumentoServiceImpl - Generadores de documentos inicializados
2025-03-30 15:08:42 [restartedMain] INFO  o.s.v.b.OptionalValidatorFactoryBean - Failed to set up a Bean Validation provider: jakarta.validation.NoProviderFoundException: Unable to create a Configuration, because no Jakarta Bean Validation provider could be found. Add a provider like Hibernate Validator (RI) to your classpath.
2025-03-30 15:08:42 [restartedMain] INFO  o.s.b.d.a.OptionalLiveReloadServer - LiveReload server is running on port 35729
2025-03-30 15:08:42 [restartedMain] INFO  o.s.b.w.e.tomcat.TomcatWebServer - Tomcat started on port 8080 (http) with context path '/'
2025-03-30 15:08:42 [restartedMain] INFO  c.f.a.d.DocGeneratorApplication - Started DocGeneratorApplication in 1.439 seconds (process running for 1.672)
2025-03-30 15:09:04 [http-nio-8080-exec-1] INFO  o.a.c.c.C.[Tomcat].[localhost].[/] - Initializing Spring DispatcherServlet 'dispatcherServlet'
2025-03-30 15:09:04 [http-nio-8080-exec-1] INFO  o.s.web.servlet.DispatcherServlet - Initializing Servlet 'dispatcherServlet'
2025-03-30 15:09:04 [http-nio-8080-exec-1] INFO  o.s.web.servlet.DispatcherServlet - Completed initialization in 1 ms
2025-03-30 15:09:04 [http-nio-8080-exec-1] INFO  c.f.a.d.c.DocumentoController - Iniciando generación de declaración 236
2025-03-30 15:09:04 [http-nio-8080-exec-1] DEBUG c.f.a.d.c.DocumentoController - Request recibido: DocumentoRequest(tipoDocumento=null, body={year=2024, fromName=Juan Pérez, fromIdentification=12345678, fromLocation=Bogotá, fromProfessionalNumber=MP-98765, installationDescription=Instalación eléctrica residencial monofásica, projectName=Edificio Los Pinos, projectLocation=Calle 123, projectAddress=Medellín, userName=María Rodríguez, userIdentification=87654321, signatureLocation=Medellín, signatureDate=01 de abril de 2024, signature=Juan Pérez, comments=Sin observaciones adicionales, annexedDocuments=1. Esquema eléctrico
2. Memoria de cálculo, responsibleAddress=Calle 456, Bogotá, phone=3001234567})
2025-03-30 15:09:04 [http-nio-8080-exec-1] DEBUG c.f.a.d.c.DocumentoController - Tipo de documento establecido: DECLARACION_236
2025-03-30 15:09:04 [http-nio-8080-exec-1] INFO  c.f.a.d.s.impl.DocumentoServiceImpl - Iniciando generación de documento individual
2025-03-30 15:09:04 [http-nio-8080-exec-1] DEBUG c.f.a.d.s.impl.DocumentoServiceImpl - Request recibido en servicio: DocumentoRequest(tipoDocumento=DECLARACION_236, body={year=2024, fromName=Juan Pérez, fromIdentification=12345678, fromLocation=Bogotá, fromProfessionalNumber=MP-98765, installationDescription=Instalación eléctrica residencial monofásica, projectName=Edificio Los Pinos, projectLocation=Calle 123, projectAddress=Medellín, userName=María Rodríguez, userIdentification=87654321, signatureLocation=Medellín, signatureDate=01 de abril de 2024, signature=Juan Pérez, comments=Sin observaciones adicionales, annexedDocuments=1. Esquema eléctrico
2. Memoria de cálculo, responsibleAddress=Calle 456, Bogotá, phone=3001234567})
2025-03-30 15:09:04 [http-nio-8080-exec-1] DEBUG c.f.a.d.s.impl.DocumentoServiceImpl - Tipo de documento en request: DECLARACION_236
2025-03-30 15:09:04 [http-nio-8080-exec-1] DEBUG c.f.a.d.s.impl.DocumentoServiceImpl - Generadores disponibles: [NO_HAY_PERMISO_LINEAS_CARRETERA, AUTORIZACION_CONEXION, DECLARACION_236, AUTORIZACION_TRAMITES, SOLICITUD_CODIGOS_SPARD]
2025-03-30 15:09:04 [http-nio-8080-exec-1] DEBUG c.f.a.d.s.impl.DocumentoServiceImpl - Generando documento con el generador: Declaracion236Generator
2025-03-30 15:09:04 [http-nio-8080-exec-1] INFO  c.f.a.d.s.i.Declaracion236Generator - Iniciando generación de documento Declaracion236
2025-03-30 15:09:04 [http-nio-8080-exec-1] DEBUG c.f.a.d.s.i.Declaracion236Generator - Datos convertidos: Declaracion236(year=2024, fromName=Juan Pérez, fromIdentification=12345678, fromLocation=Bogotá, fromProfessionalNumber=MP-98765, installationDescription=Instalación eléctrica residencial monofásica, projectName=Edificio Los Pinos, projectLocation=Calle 123, projectAddress=Medellín, userName=María Rodríguez, userIdentification=87654321, signatureLocation=Medellín, signatureDate=01 de abril de 2024, signature=Juan Pérez, comments=Sin observaciones adicionales, annexedDocuments=1. Esquema eléctrico
2. Memoria de cálculo, responsibleAddress=Calle 456, Bogotá, phone=3001234567)
2025-03-30 15:09:04 [http-nio-8080-exec-1] DEBUG c.f.a.d.s.i.Declaracion236Generator - Plantilla cargada correctamente
2025-03-30 15:09:04 [http-nio-8080-exec-1] INFO  c.f.a.d.s.i.Declaracion236Generator - Documento generado exitosamente
2025-03-30 15:09:04 [http-nio-8080-exec-1] INFO  c.f.a.d.s.impl.DocumentoServiceImpl - Documento generado exitosamente
2025-03-30 15:09:04 [http-nio-8080-exec-1] DEBUG c.f.a.d.c.DocumentoController - Declaración 236 generada exitosamente
2025-03-30 15:09:33 [http-nio-8080-exec-2] INFO  c.f.a.d.c.DocumentoController - Iniciando generación de declaración 236
2025-03-30 15:09:33 [http-nio-8080-exec-2] DEBUG c.f.a.d.c.DocumentoController - Request recibido: DocumentoRequest(tipoDocumento=null, body={year=2024, fromName=Juan Pérez, fromIdentification=12345678, fromLocation=Bogotá, fromProfessionalNumber=MP-98765, installationDescription=Instalación eléctrica residencial monofásica, projectName=Edificio Los Pinos, projectLocation=Calle 123, projectAddress=Medellín, userName=María Rodríguez, userIdentification=87654321, signatureLocation=Medellín, signatureDate=01 de abril de 2024, signature=Juan Pérez, comments=Sin observaciones adicionales, annexedDocuments=1. Esquema eléctrico
2. Memoria de cálculo, responsibleAddress=Calle 456, Bogotá, phone=3001234567})
2025-03-30 15:09:33 [http-nio-8080-exec-2] DEBUG c.f.a.d.c.DocumentoController - Tipo de documento establecido: DECLARACION_236
2025-03-30 15:09:33 [http-nio-8080-exec-2] INFO  c.f.a.d.s.impl.DocumentoServiceImpl - Iniciando generación de documento individual
2025-03-30 15:09:33 [http-nio-8080-exec-2] DEBUG c.f.a.d.s.impl.DocumentoServiceImpl - Request recibido en servicio: DocumentoRequest(tipoDocumento=DECLARACION_236, body={year=2024, fromName=Juan Pérez, fromIdentification=12345678, fromLocation=Bogotá, fromProfessionalNumber=MP-98765, installationDescription=Instalación eléctrica residencial monofásica, projectName=Edificio Los Pinos, projectLocation=Calle 123, projectAddress=Medellín, userName=María Rodríguez, userIdentification=87654321, signatureLocation=Medellín, signatureDate=01 de abril de 2024, signature=Juan Pérez, comments=Sin observaciones adicionales, annexedDocuments=1. Esquema eléctrico
2. Memoria de cálculo, responsibleAddress=Calle 456, Bogotá, phone=3001234567})
2025-03-30 15:09:33 [http-nio-8080-exec-2] DEBUG c.f.a.d.s.impl.DocumentoServiceImpl - Tipo de documento en request: DECLARACION_236
2025-03-30 15:09:33 [http-nio-8080-exec-2] DEBUG c.f.a.d.s.impl.DocumentoServiceImpl - Generadores disponibles: [NO_HAY_PERMISO_LINEAS_CARRETERA, AUTORIZACION_CONEXION, DECLARACION_236, AUTORIZACION_TRAMITES, SOLICITUD_CODIGOS_SPARD]
2025-03-30 15:09:33 [http-nio-8080-exec-2] DEBUG c.f.a.d.s.impl.DocumentoServiceImpl - Generando documento con el generador: Declaracion236Generator
2025-03-30 15:09:33 [http-nio-8080-exec-2] INFO  c.f.a.d.s.i.Declaracion236Generator - Iniciando generación de documento Declaracion236
2025-03-30 15:09:33 [http-nio-8080-exec-2] DEBUG c.f.a.d.s.i.Declaracion236Generator - Datos convertidos: Declaracion236(year=2024, fromName=Juan Pérez, fromIdentification=12345678, fromLocation=Bogotá, fromProfessionalNumber=MP-98765, installationDescription=Instalación eléctrica residencial monofásica, projectName=Edificio Los Pinos, projectLocation=Calle 123, projectAddress=Medellín, userName=María Rodríguez, userIdentification=87654321, signatureLocation=Medellín, signatureDate=01 de abril de 2024, signature=Juan Pérez, comments=Sin observaciones adicionales, annexedDocuments=1. Esquema eléctrico
2. Memoria de cálculo, responsibleAddress=Calle 456, Bogotá, phone=3001234567)
2025-03-30 15:09:33 [http-nio-8080-exec-2] DEBUG c.f.a.d.s.i.Declaracion236Generator - Plantilla cargada correctamente
2025-03-30 15:09:33 [http-nio-8080-exec-2] INFO  c.f.a.d.s.i.Declaracion236Generator - Documento generado exitosamente
2025-03-30 15:09:33 [http-nio-8080-exec-2] INFO  c.f.a.d.s.impl.DocumentoServiceImpl - Documento generado exitosamente
2025-03-30 15:09:33 [http-nio-8080-exec-2] DEBUG c.f.a.d.c.DocumentoController - Declaración 236 generada exitosamente
2025-03-30 15:11:42 [SpringApplicationShutdownHook] INFO  o.s.b.w.e.tomcat.GracefulShutdown - Commencing graceful shutdown. Waiting for active requests to complete
2025-03-30 15:11:42 [tomcat-shutdown] INFO  o.s.b.w.e.tomcat.GracefulShutdown - Graceful shutdown complete
2025-03-30 15:11:46 [restartedMain] INFO  c.f.a.d.DocGeneratorApplication - Starting DocGeneratorApplication using Java 17 with PID 44679 (/home/carlos/repositories/doc-generator/build/classes/java/main started by carlos in /home/carlos/repositories/doc-generator)
2025-03-30 15:11:46 [restartedMain] DEBUG c.f.a.d.DocGeneratorApplication - Running with Spring Boot v3.4.4, Spring v6.2.5
2025-03-30 15:11:46 [restartedMain] INFO  c.f.a.d.DocGeneratorApplication - No active profile set, falling back to 1 default profile: "default"
2025-03-30 15:11:46 [restartedMain] INFO  o.s.b.d.e.DevToolsPropertyDefaultsPostProcessor - Devtools property defaults active! Set 'spring.devtools.add-properties' to 'false' to disable
2025-03-30 15:11:46 [restartedMain] INFO  o.s.b.d.e.DevToolsPropertyDefaultsPostProcessor - For additional web related logging consider setting the 'logging.level.web' property to 'DEBUG'
2025-03-30 15:11:46 [restartedMain] INFO  o.s.b.w.e.tomcat.TomcatWebServer - Tomcat initialized with port 8080 (http)
2025-03-30 15:11:47 [restartedMain] INFO  o.a.catalina.core.StandardService - Starting service [Tomcat]
2025-03-30 15:11:47 [restartedMain] INFO  o.a.catalina.core.StandardEngine - Starting Servlet engine: [Apache Tomcat/10.1.39]
2025-03-30 15:11:47 [restartedMain] INFO  o.a.c.c.C.[Tomcat].[localhost].[/] - Initializing Spring embedded WebApplicationContext
2025-03-30 15:11:47 [restartedMain] INFO  o.s.b.w.s.c.ServletWebServerApplicationContext - Root WebApplicationContext: initialization completed in 730 ms
2025-03-30 15:11:47 [restartedMain] INFO  c.f.a.d.s.impl.DocumentoServiceImpl - Generadores de documentos inicializados
2025-03-30 15:11:47 [restartedMain] INFO  o.s.v.b.OptionalValidatorFactoryBean - Failed to set up a Bean Validation provider: jakarta.validation.NoProviderFoundException: Unable to create a Configuration, because no Jakarta Bean Validation provider could be found. Add a provider like Hibernate Validator (RI) to your classpath.
2025-03-30 15:11:47 [restartedMain] INFO  o.s.b.d.a.OptionalLiveReloadServer - LiveReload server is running on port 35729
2025-03-30 15:11:47 [restartedMain] INFO  o.s.b.w.e.tomcat.TomcatWebServer - Tomcat started on port 8080 (http) with context path '/'
2025-03-30 15:11:47 [restartedMain] INFO  c.f.a.d.DocGeneratorApplication - Started DocGeneratorApplication in 1.454 seconds (process running for 1.75)
2025-03-30 15:11:52 [http-nio-8080-exec-1] INFO  o.a.c.c.C.[Tomcat].[localhost].[/] - Initializing Spring DispatcherServlet 'dispatcherServlet'
2025-03-30 15:11:52 [http-nio-8080-exec-1] INFO  o.s.web.servlet.DispatcherServlet - Initializing Servlet 'dispatcherServlet'
2025-03-30 15:11:52 [http-nio-8080-exec-1] INFO  o.s.web.servlet.DispatcherServlet - Completed initialization in 0 ms
2025-03-30 15:11:52 [http-nio-8080-exec-1] INFO  c.f.a.d.c.DocumentoController - Iniciando generación de declaración 236
2025-03-30 15:11:52 [http-nio-8080-exec-1] DEBUG c.f.a.d.c.DocumentoController - Request recibido: DocumentoRequest(tipoDocumento=null, body={year=2024, fromName=Juan Pérez, fromIdentification=12345678, fromLocation=Bogotá, fromProfessionalNumber=MP-98765, installationDescription=Instalación eléctrica residencial monofásica, projectName=Edificio Los Pinos, projectLocation=Calle 123, projectAddress=Medellín, userName=María Rodríguez, userIdentification=87654321, signatureLocation=Medellín, signatureDate=01 de abril de 2024, signature=Juan Pérez, comments=Sin observaciones adicionales, annexedDocuments=1. Esquema eléctrico
2. Memoria de cálculo, responsibleAddress=Calle 456, Bogotá, phone=3001234567})
2025-03-30 15:11:52 [http-nio-8080-exec-1] DEBUG c.f.a.d.c.DocumentoController - Tipo de documento establecido: DECLARACION_236
2025-03-30 15:11:52 [http-nio-8080-exec-1] INFO  c.f.a.d.s.impl.DocumentoServiceImpl - Iniciando generación de documento individual
2025-03-30 15:11:52 [http-nio-8080-exec-1] DEBUG c.f.a.d.s.impl.DocumentoServiceImpl - Request recibido en servicio: DocumentoRequest(tipoDocumento=DECLARACION_236, body={year=2024, fromName=Juan Pérez, fromIdentification=12345678, fromLocation=Bogotá, fromProfessionalNumber=MP-98765, installationDescription=Instalación eléctrica residencial monofásica, projectName=Edificio Los Pinos, projectLocation=Calle 123, projectAddress=Medellín, userName=María Rodríguez, userIdentification=87654321, signatureLocation=Medellín, signatureDate=01 de abril de 2024, signature=Juan Pérez, comments=Sin observaciones adicionales, annexedDocuments=1. Esquema eléctrico
2. Memoria de cálculo, responsibleAddress=Calle 456, Bogotá, phone=3001234567})
2025-03-30 15:11:52 [http-nio-8080-exec-1] DEBUG c.f.a.d.s.impl.DocumentoServiceImpl - Tipo de documento en request: DECLARACION_236
2025-03-30 15:11:52 [http-nio-8080-exec-1] DEBUG c.f.a.d.s.impl.DocumentoServiceImpl - Generadores disponibles: [NO_HAY_PERMISO_LINEAS_CARRETERA, AUTORIZACION_CONEXION, DECLARACION_236, AUTORIZACION_TRAMITES, SOLICITUD_CODIGOS_SPARD]
2025-03-30 15:11:52 [http-nio-8080-exec-1] DEBUG c.f.a.d.s.impl.DocumentoServiceImpl - Generando documento con el generador: Declaracion236Generator
2025-03-30 15:11:52 [http-nio-8080-exec-1] INFO  c.f.a.d.s.i.Declaracion236Generator - Iniciando generación de documento Declaracion236
2025-03-30 15:11:52 [http-nio-8080-exec-1] DEBUG c.f.a.d.s.i.Declaracion236Generator - Datos convertidos: Declaracion236(year=2024, fromName=Juan Pérez, fromIdentification=12345678, fromLocation=Bogotá, fromProfessionalNumber=MP-98765, installationDescription=Instalación eléctrica residencial monofásica, projectName=Edificio Los Pinos, projectLocation=Calle 123, projectAddress=Medellín, userName=María Rodríguez, userIdentification=87654321, signatureLocation=Medellín, signatureDate=01 de abril de 2024, signature=Juan Pérez, comments=Sin observaciones adicionales, annexedDocuments=1. Esquema eléctrico
2. Memoria de cálculo, responsibleAddress=Calle 456, Bogotá, phone=3001234567)
2025-03-30 15:11:52 [http-nio-8080-exec-1] DEBUG c.f.a.d.s.i.Declaracion236Generator - Plantilla cargada correctamente
2025-03-30 15:11:52 [http-nio-8080-exec-1] INFO  c.f.a.d.s.i.Declaracion236Generator - Documento generado exitosamente
2025-03-30 15:11:52 [http-nio-8080-exec-1] INFO  c.f.a.d.s.impl.DocumentoServiceImpl - Documento generado exitosamente
2025-03-30 15:11:52 [http-nio-8080-exec-1] DEBUG c.f.a.d.c.DocumentoController - Declaración 236 generada exitosamente
2025-03-30 15:14:25 [SpringApplicationShutdownHook] INFO  o.s.b.w.e.tomcat.GracefulShutdown - Commencing graceful shutdown. Waiting for active requests to complete
2025-03-30 15:14:25 [tomcat-shutdown] INFO  o.s.b.w.e.tomcat.GracefulShutdown - Graceful shutdown complete
2025-03-30 15:14:28 [restartedMain] INFO  c.f.a.d.DocGeneratorApplication - Starting DocGeneratorApplication using Java 17 with PID 46027 (/home/carlos/repositories/doc-generator/build/classes/java/main started by carlos in /home/carlos/repositories/doc-generator)
2025-03-30 15:14:28 [restartedMain] DEBUG c.f.a.d.DocGeneratorApplication - Running with Spring Boot v3.4.4, Spring v6.2.5
2025-03-30 15:14:28 [restartedMain] INFO  c.f.a.d.DocGeneratorApplication - No active profile set, falling back to 1 default profile: "default"
2025-03-30 15:14:28 [restartedMain] INFO  o.s.b.d.e.DevToolsPropertyDefaultsPostProcessor - Devtools property defaults active! Set 'spring.devtools.add-properties' to 'false' to disable
2025-03-30 15:14:28 [restartedMain] INFO  o.s.b.d.e.DevToolsPropertyDefaultsPostProcessor - For additional web related logging consider setting the 'logging.level.web' property to 'DEBUG'
2025-03-30 15:14:29 [restartedMain] INFO  o.s.b.w.e.tomcat.TomcatWebServer - Tomcat initialized with port 8080 (http)
2025-03-30 15:14:29 [restartedMain] INFO  o.a.catalina.core.StandardService - Starting service [Tomcat]
2025-03-30 15:14:29 [restartedMain] INFO  o.a.catalina.core.StandardEngine - Starting Servlet engine: [Apache Tomcat/10.1.39]
2025-03-30 15:14:29 [restartedMain] INFO  o.a.c.c.C.[Tomcat].[localhost].[/] - Initializing Spring embedded WebApplicationContext
2025-03-30 15:14:29 [restartedMain] INFO  o.s.b.w.s.c.ServletWebServerApplicationContext - Root WebApplicationContext: initialization completed in 716 ms
2025-03-30 15:14:29 [restartedMain] INFO  c.f.a.d.s.impl.DocumentoServiceImpl - Generadores de documentos inicializados
2025-03-30 15:14:29 [restartedMain] INFO  o.s.v.b.OptionalValidatorFactoryBean - Failed to set up a Bean Validation provider: jakarta.validation.NoProviderFoundException: Unable to create a Configuration, because no Jakarta Bean Validation provider could be found. Add a provider like Hibernate Validator (RI) to your classpath.
2025-03-30 15:14:29 [restartedMain] INFO  o.s.b.d.a.OptionalLiveReloadServer - LiveReload server is running on port 35729
2025-03-30 15:14:29 [restartedMain] INFO  o.s.b.w.e.tomcat.TomcatWebServer - Tomcat started on port 8080 (http) with context path '/'
2025-03-30 15:14:29 [restartedMain] INFO  c.f.a.d.DocGeneratorApplication - Started DocGeneratorApplication in 1.424 seconds (process running for 1.677)
2025-03-30 15:14:44 [http-nio-8080-exec-1] INFO  o.a.c.c.C.[Tomcat].[localhost].[/] - Initializing Spring DispatcherServlet 'dispatcherServlet'
2025-03-30 15:14:44 [http-nio-8080-exec-1] INFO  o.s.web.servlet.DispatcherServlet - Initializing Servlet 'dispatcherServlet'
2025-03-30 15:14:44 [http-nio-8080-exec-1] INFO  o.s.web.servlet.DispatcherServlet - Completed initialization in 1 ms
2025-03-30 15:14:44 [http-nio-8080-exec-1] INFO  c.f.a.d.c.DocumentoController - Iniciando generación de declaración 236
2025-03-30 15:14:44 [http-nio-8080-exec-1] DEBUG c.f.a.d.c.DocumentoController - Request recibido: DocumentoRequest(tipoDocumento=null, body={year=2024, fromName=Juan Pérez, fromIdentification=12345678, fromLocation=Bogotá, fromProfessionalNumber=MP-98765, installationDescription=Instalación eléctrica residencial monofásica, projectName=Edificio Los Pinos, projectLocation=Calle 123, projectAddress=Medellín, userName=María Rodríguez, userIdentification=87654321, signatureLocation=Medellín, signatureDate=01 de abril de 2024, signature=Juan Pérez, comments=Sin observaciones adicionales, annexedDocuments=1. Esquema eléctrico
2. Memoria de cálculo, responsibleAddress=Calle 456, Bogotá, phone=3001234567})
2025-03-30 15:14:44 [http-nio-8080-exec-1] DEBUG c.f.a.d.c.DocumentoController - Tipo de documento establecido: DECLARACION_236
2025-03-30 15:14:44 [http-nio-8080-exec-1] INFO  c.f.a.d.s.impl.DocumentoServiceImpl - Iniciando generación de documento individual
2025-03-30 15:14:44 [http-nio-8080-exec-1] DEBUG c.f.a.d.s.impl.DocumentoServiceImpl - Request recibido en servicio: DocumentoRequest(tipoDocumento=DECLARACION_236, body={year=2024, fromName=Juan Pérez, fromIdentification=12345678, fromLocation=Bogotá, fromProfessionalNumber=MP-98765, installationDescription=Instalación eléctrica residencial monofásica, projectName=Edificio Los Pinos, projectLocation=Calle 123, projectAddress=Medellín, userName=María Rodríguez, userIdentification=87654321, signatureLocation=Medellín, signatureDate=01 de abril de 2024, signature=Juan Pérez, comments=Sin observaciones adicionales, annexedDocuments=1. Esquema eléctrico
2. Memoria de cálculo, responsibleAddress=Calle 456, Bogotá, phone=3001234567})
2025-03-30 15:14:44 [http-nio-8080-exec-1] DEBUG c.f.a.d.s.impl.DocumentoServiceImpl - Tipo de documento en request: DECLARACION_236
2025-03-30 15:14:44 [http-nio-8080-exec-1] DEBUG c.f.a.d.s.impl.DocumentoServiceImpl - Generadores disponibles: [NO_HAY_PERMISO_LINEAS_CARRETERA, AUTORIZACION_CONEXION, DECLARACION_236, AUTORIZACION_TRAMITES, SOLICITUD_CODIGOS_SPARD]
2025-03-30 15:14:44 [http-nio-8080-exec-1] DEBUG c.f.a.d.s.impl.DocumentoServiceImpl - Generando documento con el generador: Declaracion236Generator
2025-03-30 15:14:44 [http-nio-8080-exec-1] INFO  c.f.a.d.s.i.Declaracion236Generator - Iniciando generación de documento Declaracion236
2025-03-30 15:14:44 [http-nio-8080-exec-1] DEBUG c.f.a.d.s.i.Declaracion236Generator - Datos convertidos: Declaracion236(year=2024, fromName=Juan Pérez, fromIdentification=12345678, fromLocation=Bogotá, fromProfessionalNumber=MP-98765, installationDescription=Instalación eléctrica residencial monofásica, projectName=Edificio Los Pinos, projectLocation=Calle 123, projectAddress=Medellín, userName=María Rodríguez, userIdentification=87654321, signatureLocation=Medellín, signatureDate=01 de abril de 2024, signature=Juan Pérez, comments=Sin observaciones adicionales, annexedDocuments=1. Esquema eléctrico
2. Memoria de cálculo, responsibleAddress=Calle 456, Bogotá, phone=3001234567)
2025-03-30 15:14:44 [http-nio-8080-exec-1] DEBUG c.f.a.d.s.i.Declaracion236Generator - Plantilla cargada correctamente
2025-03-30 15:14:45 [http-nio-8080-exec-1] INFO  c.f.a.d.s.i.Declaracion236Generator - Documento generado exitosamente
2025-03-30 15:14:45 [http-nio-8080-exec-1] INFO  c.f.a.d.s.impl.DocumentoServiceImpl - Documento generado exitosamente
2025-03-30 15:14:45 [http-nio-8080-exec-1] DEBUG c.f.a.d.c.DocumentoController - Declaración 236 generada exitosamente
2025-03-30 15:22:21 [SpringApplicationShutdownHook] INFO  o.s.b.w.e.tomcat.GracefulShutdown - Commencing graceful shutdown. Waiting for active requests to complete
2025-03-30 15:22:21 [tomcat-shutdown] INFO  o.s.b.w.e.tomcat.GracefulShutdown - Graceful shutdown complete
2025-03-30 15:22:25 [restartedMain] INFO  c.f.a.d.DocGeneratorApplication - Starting DocGeneratorApplication using Java 17 with PID 49210 (/home/carlos/repositories/doc-generator/build/classes/java/main started by carlos in /home/carlos/repositories/doc-generator)
2025-03-30 15:22:25 [restartedMain] DEBUG c.f.a.d.DocGeneratorApplication - Running with Spring Boot v3.4.4, Spring v6.2.5
2025-03-30 15:22:25 [restartedMain] INFO  c.f.a.d.DocGeneratorApplication - No active profile set, falling back to 1 default profile: "default"
2025-03-30 15:22:25 [restartedMain] INFO  o.s.b.d.e.DevToolsPropertyDefaultsPostProcessor - Devtools property defaults active! Set 'spring.devtools.add-properties' to 'false' to disable
2025-03-30 15:22:25 [restartedMain] INFO  o.s.b.d.e.DevToolsPropertyDefaultsPostProcessor - For additional web related logging consider setting the 'logging.level.web' property to 'DEBUG'
2025-03-30 15:22:25 [restartedMain] INFO  o.s.b.w.e.tomcat.TomcatWebServer - Tomcat initialized with port 8080 (http)
2025-03-30 15:22:25 [restartedMain] INFO  o.a.catalina.core.StandardService - Starting service [Tomcat]
2025-03-30 15:22:25 [restartedMain] INFO  o.a.catalina.core.StandardEngine - Starting Servlet engine: [Apache Tomcat/10.1.39]
2025-03-30 15:22:25 [restartedMain] INFO  o.a.c.c.C.[Tomcat].[localhost].[/] - Initializing Spring embedded WebApplicationContext
2025-03-30 15:22:25 [restartedMain] INFO  o.s.b.w.s.c.ServletWebServerApplicationContext - Root WebApplicationContext: initialization completed in 724 ms
2025-03-30 15:22:25 [restartedMain] INFO  c.f.a.d.s.impl.DocumentoServiceImpl - Generadores de documentos inicializados
2025-03-30 15:22:26 [restartedMain] INFO  o.s.v.b.OptionalValidatorFactoryBean - Failed to set up a Bean Validation provider: jakarta.validation.NoProviderFoundException: Unable to create a Configuration, because no Jakarta Bean Validation provider could be found. Add a provider like Hibernate Validator (RI) to your classpath.
2025-03-30 15:22:26 [restartedMain] INFO  o.s.b.d.a.OptionalLiveReloadServer - LiveReload server is running on port 35729
2025-03-30 15:22:26 [restartedMain] INFO  o.s.b.w.e.tomcat.TomcatWebServer - Tomcat started on port 8080 (http) with context path '/'
2025-03-30 15:22:26 [restartedMain] INFO  c.f.a.d.DocGeneratorApplication - Started DocGeneratorApplication in 1.458 seconds (process running for 1.754)
2025-03-30 15:22:40 [http-nio-8080-exec-1] INFO  o.a.c.c.C.[Tomcat].[localhost].[/] - Initializing Spring DispatcherServlet 'dispatcherServlet'
2025-03-30 15:22:40 [http-nio-8080-exec-1] INFO  o.s.web.servlet.DispatcherServlet - Initializing Servlet 'dispatcherServlet'
2025-03-30 15:22:40 [http-nio-8080-exec-1] INFO  o.s.web.servlet.DispatcherServlet - Completed initialization in 0 ms
2025-03-30 15:22:40 [http-nio-8080-exec-1] INFO  c.f.a.d.c.DocumentoController - Iniciando generación de declaración 236
2025-03-30 15:22:40 [http-nio-8080-exec-1] DEBUG c.f.a.d.c.DocumentoController - Request recibido: DocumentoRequest(tipoDocumento=null, body={year=2024, fromName=Juan Pérez, fromIdentification=12345678, fromLocation=Bogotá, fromProfessionalNumber=MP-98765, installationDescription=Instalación eléctrica residencial monofásica, projectName=Edificio Los Pinos, projectLocation=Calle 123, projectAddress=Medellín, userName=María Rodríguez, userIdentification=87654321, signatureLocation=Medellín, signatureDate=01 de abril de 2024, signature=Juan Pérez, comments=Sin observaciones adicionales, annexedDocuments=1. Esquema eléctrico
2. Memoria de cálculo, responsibleAddress=Calle 456, Bogotá, phone=3001234567})
2025-03-30 15:22:40 [http-nio-8080-exec-1] DEBUG c.f.a.d.c.DocumentoController - Tipo de documento establecido: DECLARACION_236
2025-03-30 15:22:40 [http-nio-8080-exec-1] INFO  c.f.a.d.s.impl.DocumentoServiceImpl - Iniciando generación de documento individual
2025-03-30 15:22:40 [http-nio-8080-exec-1] DEBUG c.f.a.d.s.impl.DocumentoServiceImpl - Request recibido en servicio: DocumentoRequest(tipoDocumento=DECLARACION_236, body={year=2024, fromName=Juan Pérez, fromIdentification=12345678, fromLocation=Bogotá, fromProfessionalNumber=MP-98765, installationDescription=Instalación eléctrica residencial monofásica, projectName=Edificio Los Pinos, projectLocation=Calle 123, projectAddress=Medellín, userName=María Rodríguez, userIdentification=87654321, signatureLocation=Medellín, signatureDate=01 de abril de 2024, signature=Juan Pérez, comments=Sin observaciones adicionales, annexedDocuments=1. Esquema eléctrico
2. Memoria de cálculo, responsibleAddress=Calle 456, Bogotá, phone=3001234567})
2025-03-30 15:22:40 [http-nio-8080-exec-1] DEBUG c.f.a.d.s.impl.DocumentoServiceImpl - Tipo de documento en request: DECLARACION_236
2025-03-30 15:22:40 [http-nio-8080-exec-1] DEBUG c.f.a.d.s.impl.DocumentoServiceImpl - Generadores disponibles: [NO_HAY_PERMISO_LINEAS_CARRETERA, AUTORIZACION_CONEXION, DECLARACION_236, AUTORIZACION_TRAMITES, SOLICITUD_CODIGOS_SPARD]
2025-03-30 15:22:40 [http-nio-8080-exec-1] DEBUG c.f.a.d.s.impl.DocumentoServiceImpl - Generando documento con el generador: Declaracion236Generator
2025-03-30 15:22:40 [http-nio-8080-exec-1] INFO  c.f.a.d.s.i.Declaracion236Generator - Iniciando generación de documento Declaracion236
2025-03-30 15:22:40 [http-nio-8080-exec-1] DEBUG c.f.a.d.s.i.Declaracion236Generator - Datos convertidos: Declaracion236(year=2024, fromName=Juan Pérez, fromIdentification=12345678, fromLocation=Bogotá, fromProfessionalNumber=MP-98765, installationDescription=Instalación eléctrica residencial monofásica, projectName=Edificio Los Pinos, projectLocation=Calle 123, projectAddress=Medellín, userName=María Rodríguez, userIdentification=87654321, signatureLocation=Medellín, signatureDate=01 de abril de 2024, signature=Juan Pérez, comments=Sin observaciones adicionales, annexedDocuments=1. Esquema eléctrico
2. Memoria de cálculo, responsibleAddress=Calle 456, Bogotá, phone=3001234567)
2025-03-30 15:22:40 [http-nio-8080-exec-1] DEBUG c.f.a.d.s.i.Declaracion236Generator - Plantilla cargada correctamente
2025-03-30 15:22:41 [http-nio-8080-exec-1] INFO  c.f.a.d.s.i.Declaracion236Generator - Documento generado exitosamente
2025-03-30 15:22:41 [http-nio-8080-exec-1] INFO  c.f.a.d.s.impl.DocumentoServiceImpl - Documento generado exitosamente
2025-03-30 15:22:41 [http-nio-8080-exec-1] DEBUG c.f.a.d.c.DocumentoController - Declaración 236 generada exitosamente
2025-03-30 15:27:52 [SpringApplicationShutdownHook] INFO  o.s.b.w.e.tomcat.GracefulShutdown - Commencing graceful shutdown. Waiting for active requests to complete
2025-03-30 15:27:52 [tomcat-shutdown] INFO  o.s.b.w.e.tomcat.GracefulShutdown - Graceful shutdown complete
2025-03-30 15:27:55 [restartedMain] INFO  c.f.a.d.DocGeneratorApplication - Starting DocGeneratorApplication using Java 17 with PID 51452 (/home/carlos/repositories/doc-generator/build/classes/java/main started by carlos in /home/carlos/repositories/doc-generator)
2025-03-30 15:27:55 [restartedMain] DEBUG c.f.a.d.DocGeneratorApplication - Running with Spring Boot v3.4.4, Spring v6.2.5
2025-03-30 15:27:55 [restartedMain] INFO  c.f.a.d.DocGeneratorApplication - No active profile set, falling back to 1 default profile: "default"
2025-03-30 15:27:55 [restartedMain] INFO  o.s.b.d.e.DevToolsPropertyDefaultsPostProcessor - Devtools property defaults active! Set 'spring.devtools.add-properties' to 'false' to disable
2025-03-30 15:27:55 [restartedMain] INFO  o.s.b.d.e.DevToolsPropertyDefaultsPostProcessor - For additional web related logging consider setting the 'logging.level.web' property to 'DEBUG'
2025-03-30 15:27:56 [restartedMain] INFO  o.s.b.w.e.tomcat.TomcatWebServer - Tomcat initialized with port 8080 (http)
2025-03-30 15:27:56 [restartedMain] INFO  o.a.catalina.core.StandardService - Starting service [Tomcat]
2025-03-30 15:27:56 [restartedMain] INFO  o.a.catalina.core.StandardEngine - Starting Servlet engine: [Apache Tomcat/10.1.39]
2025-03-30 15:27:56 [restartedMain] INFO  o.a.c.c.C.[Tomcat].[localhost].[/] - Initializing Spring embedded WebApplicationContext
2025-03-30 15:27:56 [restartedMain] INFO  o.s.b.w.s.c.ServletWebServerApplicationContext - Root WebApplicationContext: initialization completed in 724 ms
2025-03-30 15:27:56 [restartedMain] INFO  c.f.a.d.s.impl.DocumentoServiceImpl - Generadores de documentos inicializados
2025-03-30 15:27:56 [restartedMain] INFO  o.s.v.b.OptionalValidatorFactoryBean - Failed to set up a Bean Validation provider: jakarta.validation.NoProviderFoundException: Unable to create a Configuration, because no Jakarta Bean Validation provider could be found. Add a provider like Hibernate Validator (RI) to your classpath.
2025-03-30 15:27:56 [restartedMain] INFO  o.s.b.d.a.OptionalLiveReloadServer - LiveReload server is running on port 35729
2025-03-30 15:27:56 [restartedMain] INFO  o.s.b.w.e.tomcat.TomcatWebServer - Tomcat started on port 8080 (http) with context path '/'
2025-03-30 15:27:56 [restartedMain] INFO  c.f.a.d.DocGeneratorApplication - Started DocGeneratorApplication in 1.475 seconds (process running for 1.775)
2025-03-30 15:28:06 [http-nio-8080-exec-1] INFO  o.a.c.c.C.[Tomcat].[localhost].[/] - Initializing Spring DispatcherServlet 'dispatcherServlet'
2025-03-30 15:28:06 [http-nio-8080-exec-1] INFO  o.s.web.servlet.DispatcherServlet - Initializing Servlet 'dispatcherServlet'
2025-03-30 15:28:06 [http-nio-8080-exec-1] INFO  o.s.web.servlet.DispatcherServlet - Completed initialization in 1 ms
2025-03-30 15:28:07 [http-nio-8080-exec-1] INFO  c.f.a.d.c.DocumentoController - Iniciando generación de declaración 236
2025-03-30 15:28:07 [http-nio-8080-exec-1] DEBUG c.f.a.d.c.DocumentoController - Request recibido: DocumentoRequest(tipoDocumento=null, body={year=2024, fromName=Juan Pérez, fromIdentification=12345678, fromLocation=Bogotá, fromProfessionalNumber=MP-98765, installationDescription=Instalación eléctrica residencial monofásica, projectName=Edificio Los Pinos, projectLocation=Calle 123, projectAddress=Medellín, userName=María Rodríguez, userIdentification=87654321, signatureLocation=Medellín, signatureDate=01 de abril de 2024, signature=Juan Pérez, comments=Sin observaciones adicionales, annexedDocuments=1. Esquema eléctrico
2. Memoria de cálculo, responsibleAddress=Calle 456, Bogotá, phone=3001234567})
2025-03-30 15:28:07 [http-nio-8080-exec-1] DEBUG c.f.a.d.c.DocumentoController - Tipo de documento establecido: DECLARACION_236
2025-03-30 15:28:07 [http-nio-8080-exec-1] INFO  c.f.a.d.s.impl.DocumentoServiceImpl - Iniciando generación de documento individual
2025-03-30 15:28:07 [http-nio-8080-exec-1] DEBUG c.f.a.d.s.impl.DocumentoServiceImpl - Request recibido en servicio: DocumentoRequest(tipoDocumento=DECLARACION_236, body={year=2024, fromName=Juan Pérez, fromIdentification=12345678, fromLocation=Bogotá, fromProfessionalNumber=MP-98765, installationDescription=Instalación eléctrica residencial monofásica, projectName=Edificio Los Pinos, projectLocation=Calle 123, projectAddress=Medellín, userName=María Rodríguez, userIdentification=87654321, signatureLocation=Medellín, signatureDate=01 de abril de 2024, signature=Juan Pérez, comments=Sin observaciones adicionales, annexedDocuments=1. Esquema eléctrico
2. Memoria de cálculo, responsibleAddress=Calle 456, Bogotá, phone=3001234567})
2025-03-30 15:28:07 [http-nio-8080-exec-1] DEBUG c.f.a.d.s.impl.DocumentoServiceImpl - Tipo de documento en request: DECLARACION_236
2025-03-30 15:28:07 [http-nio-8080-exec-1] DEBUG c.f.a.d.s.impl.DocumentoServiceImpl - Generadores disponibles: [NO_HAY_PERMISO_LINEAS_CARRETERA, AUTORIZACION_CONEXION, DECLARACION_236, AUTORIZACION_TRAMITES, SOLICITUD_CODIGOS_SPARD]
2025-03-30 15:28:07 [http-nio-8080-exec-1] DEBUG c.f.a.d.s.impl.DocumentoServiceImpl - Generando documento con el generador: Declaracion236Generator
2025-03-30 15:28:07 [http-nio-8080-exec-1] INFO  c.f.a.d.s.i.Declaracion236Generator - Iniciando generación de documento Declaracion236
2025-03-30 15:28:07 [http-nio-8080-exec-1] DEBUG c.f.a.d.s.i.Declaracion236Generator - Datos convertidos: Declaracion236(year=2024, fromName=Juan Pérez, fromIdentification=12345678, fromLocation=Bogotá, fromProfessionalNumber=MP-98765, installationDescription=Instalación eléctrica residencial monofásica, projectName=Edificio Los Pinos, projectLocation=Calle 123, projectAddress=Medellín, userName=María Rodríguez, userIdentification=87654321, signatureLocation=Medellín, signatureDate=01 de abril de 2024, signature=Juan Pérez, comments=Sin observaciones adicionales, annexedDocuments=1. Esquema eléctrico
2. Memoria de cálculo, responsibleAddress=Calle 456, Bogotá, phone=3001234567)
2025-03-30 15:28:07 [http-nio-8080-exec-1] DEBUG c.f.a.d.s.i.Declaracion236Generator - Plantilla cargada correctamente
2025-03-30 15:28:07 [http-nio-8080-exec-1] INFO  c.f.a.d.s.i.Declaracion236Generator - Documento generado exitosamente
2025-03-30 15:28:07 [http-nio-8080-exec-1] INFO  c.f.a.d.s.impl.DocumentoServiceImpl - Documento generado exitosamente
2025-03-30 15:28:07 [http-nio-8080-exec-1] DEBUG c.f.a.d.c.DocumentoController - Declaración 236 generada exitosamente
2025-03-30 15:29:43 [SpringApplicationShutdownHook] INFO  o.s.b.w.e.tomcat.GracefulShutdown - Commencing graceful shutdown. Waiting for active requests to complete
2025-03-30 15:29:43 [tomcat-shutdown] INFO  o.s.b.w.e.tomcat.GracefulShutdown - Graceful shutdown complete
2025-03-30 15:29:46 [restartedMain] INFO  c.f.a.d.DocGeneratorApplication - Starting DocGeneratorApplication using Java 17 with PID 52476 (/home/carlos/repositories/doc-generator/build/classes/java/main started by carlos in /home/carlos/repositories/doc-generator)
2025-03-30 15:29:46 [restartedMain] DEBUG c.f.a.d.DocGeneratorApplication - Running with Spring Boot v3.4.4, Spring v6.2.5
2025-03-30 15:29:46 [restartedMain] INFO  c.f.a.d.DocGeneratorApplication - No active profile set, falling back to 1 default profile: "default"
2025-03-30 15:29:46 [restartedMain] INFO  o.s.b.d.e.DevToolsPropertyDefaultsPostProcessor - Devtools property defaults active! Set 'spring.devtools.add-properties' to 'false' to disable
2025-03-30 15:29:46 [restartedMain] INFO  o.s.b.d.e.DevToolsPropertyDefaultsPostProcessor - For additional web related logging consider setting the 'logging.level.web' property to 'DEBUG'
2025-03-30 15:29:47 [restartedMain] INFO  o.s.b.w.e.tomcat.TomcatWebServer - Tomcat initialized with port 8080 (http)
2025-03-30 15:29:47 [restartedMain] INFO  o.a.catalina.core.StandardService - Starting service [Tomcat]
2025-03-30 15:29:47 [restartedMain] INFO  o.a.catalina.core.StandardEngine - Starting Servlet engine: [Apache Tomcat/10.1.39]
2025-03-30 15:29:47 [restartedMain] INFO  o.a.c.c.C.[Tomcat].[localhost].[/] - Initializing Spring embedded WebApplicationContext
2025-03-30 15:29:47 [restartedMain] INFO  o.s.b.w.s.c.ServletWebServerApplicationContext - Root WebApplicationContext: initialization completed in 731 ms
2025-03-30 15:29:47 [restartedMain] INFO  c.f.a.d.s.impl.DocumentoServiceImpl - Generadores de documentos inicializados
2025-03-30 15:29:47 [restartedMain] INFO  o.s.v.b.OptionalValidatorFactoryBean - Failed to set up a Bean Validation provider: jakarta.validation.NoProviderFoundException: Unable to create a Configuration, because no Jakarta Bean Validation provider could be found. Add a provider like Hibernate Validator (RI) to your classpath.
2025-03-30 15:29:47 [restartedMain] INFO  o.s.b.d.a.OptionalLiveReloadServer - LiveReload server is running on port 35729
2025-03-30 15:29:47 [restartedMain] INFO  o.s.b.w.e.tomcat.TomcatWebServer - Tomcat started on port 8080 (http) with context path '/'
2025-03-30 15:29:47 [restartedMain] INFO  c.f.a.d.DocGeneratorApplication - Started DocGeneratorApplication in 1.48 seconds (process running for 1.773)
2025-03-30 15:30:32 [http-nio-8080-exec-1] INFO  o.a.c.c.C.[Tomcat].[localhost].[/] - Initializing Spring DispatcherServlet 'dispatcherServlet'
2025-03-30 15:30:32 [http-nio-8080-exec-1] INFO  o.s.web.servlet.DispatcherServlet - Initializing Servlet 'dispatcherServlet'
2025-03-30 15:30:32 [http-nio-8080-exec-1] INFO  o.s.web.servlet.DispatcherServlet - Completed initialization in 0 ms
2025-03-30 15:30:32 [http-nio-8080-exec-1] INFO  c.f.a.d.c.DocumentoController - Iniciando generación de declaración 236
2025-03-30 15:30:32 [http-nio-8080-exec-1] DEBUG c.f.a.d.c.DocumentoController - Request recibido: DocumentoRequest(tipoDocumento=null, body={year=2024, fromName=Juan Pérez, fromIdentification=12345678, fromLocation=Bogotá, fromProfessionalNumber=MP-98765, installationDescription=Instalación eléctrica residencial monofásica, projectName=Edificio Los Pinos, projectLocation=Calle 123, projectAddress=Medellín, userName=María Rodríguez, userIdentification=87654321, signatureLocation=Medellín, signatureDate=01 de abril de 2024, signature=Juan Pérez, comments=Sin observaciones adicionales, annexedDocuments=1. Esquema eléctrico
2. Memoria de cálculo, responsibleAddress=Calle 456, Bogotá, phone=3001234567})
2025-03-30 15:30:32 [http-nio-8080-exec-1] DEBUG c.f.a.d.c.DocumentoController - Tipo de documento establecido: DECLARACION_236
2025-03-30 15:30:32 [http-nio-8080-exec-1] INFO  c.f.a.d.s.impl.DocumentoServiceImpl - Iniciando generación de documento individual
2025-03-30 15:30:32 [http-nio-8080-exec-1] DEBUG c.f.a.d.s.impl.DocumentoServiceImpl - Request recibido en servicio: DocumentoRequest(tipoDocumento=DECLARACION_236, body={year=2024, fromName=Juan Pérez, fromIdentification=12345678, fromLocation=Bogotá, fromProfessionalNumber=MP-98765, installationDescription=Instalación eléctrica residencial monofásica, projectName=Edificio Los Pinos, projectLocation=Calle 123, projectAddress=Medellín, userName=María Rodríguez, userIdentification=87654321, signatureLocation=Medellín, signatureDate=01 de abril de 2024, signature=Juan Pérez, comments=Sin observaciones adicionales, annexedDocuments=1. Esquema eléctrico
2. Memoria de cálculo, responsibleAddress=Calle 456, Bogotá, phone=3001234567})
2025-03-30 15:30:32 [http-nio-8080-exec-1] DEBUG c.f.a.d.s.impl.DocumentoServiceImpl - Tipo de documento en request: DECLARACION_236
2025-03-30 15:30:32 [http-nio-8080-exec-1] DEBUG c.f.a.d.s.impl.DocumentoServiceImpl - Generadores disponibles: [NO_HAY_PERMISO_LINEAS_CARRETERA, AUTORIZACION_CONEXION, DECLARACION_236, AUTORIZACION_TRAMITES, SOLICITUD_CODIGOS_SPARD]
2025-03-30 15:30:32 [http-nio-8080-exec-1] DEBUG c.f.a.d.s.impl.DocumentoServiceImpl - Generando documento con el generador: Declaracion236Generator
2025-03-30 15:30:32 [http-nio-8080-exec-1] INFO  c.f.a.d.s.i.Declaracion236Generator - Iniciando generación de documento Declaracion236
2025-03-30 15:30:32 [http-nio-8080-exec-1] DEBUG c.f.a.d.s.i.Declaracion236Generator - Datos convertidos: Declaracion236(year=2024, fromName=Juan Pérez, fromIdentification=12345678, fromLocation=Bogotá, fromProfessionalNumber=MP-98765, installationDescription=Instalación eléctrica residencial monofásica, projectName=Edificio Los Pinos, projectLocation=Calle 123, projectAddress=Medellín, userName=María Rodríguez, userIdentification=87654321, signatureLocation=Medellín, signatureDate=01 de abril de 2024, signature=Juan Pérez, comments=Sin observaciones adicionales, annexedDocuments=1. Esquema eléctrico
2. Memoria de cálculo, responsibleAddress=Calle 456, Bogotá, phone=3001234567)
2025-03-30 15:30:32 [http-nio-8080-exec-1] DEBUG c.f.a.d.s.i.Declaracion236Generator - Plantilla cargada correctamente
2025-03-30 15:30:32 [http-nio-8080-exec-1] INFO  c.f.a.d.s.i.Declaracion236Generator - Documento generado exitosamente
2025-03-30 15:30:32 [http-nio-8080-exec-1] INFO  c.f.a.d.s.impl.DocumentoServiceImpl - Documento generado exitosamente
2025-03-30 15:30:32 [http-nio-8080-exec-1] DEBUG c.f.a.d.c.DocumentoController - Declaración 236 generada exitosamente
2025-03-30 15:32:38 [SpringApplicationShutdownHook] INFO  o.s.b.w.e.tomcat.GracefulShutdown - Commencing graceful shutdown. Waiting for active requests to complete
2025-03-30 15:32:38 [tomcat-shutdown] INFO  o.s.b.w.e.tomcat.GracefulShutdown - Graceful shutdown complete
2025-03-30 15:32:42 [restartedMain] INFO  c.f.a.d.DocGeneratorApplication - Starting DocGeneratorApplication using Java 17 with PID 53661 (/home/carlos/repositories/doc-generator/build/classes/java/main started by carlos in /home/carlos/repositories/doc-generator)
2025-03-30 15:32:42 [restartedMain] DEBUG c.f.a.d.DocGeneratorApplication - Running with Spring Boot v3.4.4, Spring v6.2.5
2025-03-30 15:32:42 [restartedMain] INFO  c.f.a.d.DocGeneratorApplication - No active profile set, falling back to 1 default profile: "default"
2025-03-30 15:32:42 [restartedMain] INFO  o.s.b.d.e.DevToolsPropertyDefaultsPostProcessor - Devtools property defaults active! Set 'spring.devtools.add-properties' to 'false' to disable
2025-03-30 15:32:42 [restartedMain] INFO  o.s.b.d.e.DevToolsPropertyDefaultsPostProcessor - For additional web related logging consider setting the 'logging.level.web' property to 'DEBUG'
2025-03-30 15:32:42 [restartedMain] INFO  o.s.b.w.e.tomcat.TomcatWebServer - Tomcat initialized with port 8080 (http)
2025-03-30 15:32:42 [restartedMain] INFO  o.a.catalina.core.StandardService - Starting service [Tomcat]
2025-03-30 15:32:42 [restartedMain] INFO  o.a.catalina.core.StandardEngine - Starting Servlet engine: [Apache Tomcat/10.1.39]
2025-03-30 15:32:42 [restartedMain] INFO  o.a.c.c.C.[Tomcat].[localhost].[/] - Initializing Spring embedded WebApplicationContext
2025-03-30 15:32:42 [restartedMain] INFO  o.s.b.w.s.c.ServletWebServerApplicationContext - Root WebApplicationContext: initialization completed in 740 ms
2025-03-30 15:32:42 [restartedMain] INFO  c.f.a.d.s.impl.DocumentoServiceImpl - Generadores de documentos inicializados
2025-03-30 15:32:43 [restartedMain] INFO  o.s.v.b.OptionalValidatorFactoryBean - Failed to set up a Bean Validation provider: jakarta.validation.NoProviderFoundException: Unable to create a Configuration, because no Jakarta Bean Validation provider could be found. Add a provider like Hibernate Validator (RI) to your classpath.
2025-03-30 15:32:43 [restartedMain] INFO  o.s.b.d.a.OptionalLiveReloadServer - LiveReload server is running on port 35729
2025-03-30 15:32:43 [restartedMain] INFO  o.s.b.w.e.tomcat.TomcatWebServer - Tomcat started on port 8080 (http) with context path '/'
2025-03-30 15:32:43 [restartedMain] INFO  c.f.a.d.DocGeneratorApplication - Started DocGeneratorApplication in 1.484 seconds (process running for 1.747)
2025-03-30 15:32:58 [http-nio-8080-exec-1] INFO  o.a.c.c.C.[Tomcat].[localhost].[/] - Initializing Spring DispatcherServlet 'dispatcherServlet'
2025-03-30 15:32:58 [http-nio-8080-exec-1] INFO  o.s.web.servlet.DispatcherServlet - Initializing Servlet 'dispatcherServlet'
2025-03-30 15:32:58 [http-nio-8080-exec-1] INFO  o.s.web.servlet.DispatcherServlet - Completed initialization in 0 ms
2025-03-30 15:32:59 [http-nio-8080-exec-1] INFO  c.f.a.d.c.DocumentoController - Iniciando generación de declaración 236
2025-03-30 15:32:59 [http-nio-8080-exec-1] DEBUG c.f.a.d.c.DocumentoController - Request recibido: DocumentoRequest(tipoDocumento=null, body={year=2024, fromName=Juan Pérez, fromIdentification=12345678, fromLocation=Bogotá, fromProfessionalNumber=MP-98765, installationDescription=Instalación eléctrica residencial monofásica, projectName=Edificio Los Pinos, projectLocation=Calle 123, projectAddress=Medellín, userName=María Rodríguez, userIdentification=87654321, signatureLocation=Medellín, signatureDate=01 de abril de 2024, signature=Juan Pérez, comments=Sin observaciones adicionales, annexedDocuments=1. Esquema eléctrico
2. Memoria de cálculo, responsibleAddress=Calle 456, Bogotá, phone=3001234567})
2025-03-30 15:32:59 [http-nio-8080-exec-1] DEBUG c.f.a.d.c.DocumentoController - Tipo de documento establecido: DECLARACION_236
2025-03-30 15:32:59 [http-nio-8080-exec-1] INFO  c.f.a.d.s.impl.DocumentoServiceImpl - Iniciando generación de documento individual
2025-03-30 15:32:59 [http-nio-8080-exec-1] DEBUG c.f.a.d.s.impl.DocumentoServiceImpl - Request recibido en servicio: DocumentoRequest(tipoDocumento=DECLARACION_236, body={year=2024, fromName=Juan Pérez, fromIdentification=12345678, fromLocation=Bogotá, fromProfessionalNumber=MP-98765, installationDescription=Instalación eléctrica residencial monofásica, projectName=Edificio Los Pinos, projectLocation=Calle 123, projectAddress=Medellín, userName=María Rodríguez, userIdentification=87654321, signatureLocation=Medellín, signatureDate=01 de abril de 2024, signature=Juan Pérez, comments=Sin observaciones adicionales, annexedDocuments=1. Esquema eléctrico
2. Memoria de cálculo, responsibleAddress=Calle 456, Bogotá, phone=3001234567})
2025-03-30 15:32:59 [http-nio-8080-exec-1] DEBUG c.f.a.d.s.impl.DocumentoServiceImpl - Tipo de documento en request: DECLARACION_236
2025-03-30 15:32:59 [http-nio-8080-exec-1] DEBUG c.f.a.d.s.impl.DocumentoServiceImpl - Generadores disponibles: [NO_HAY_PERMISO_LINEAS_CARRETERA, AUTORIZACION_CONEXION, DECLARACION_236, AUTORIZACION_TRAMITES, SOLICITUD_CODIGOS_SPARD]
2025-03-30 15:32:59 [http-nio-8080-exec-1] DEBUG c.f.a.d.s.impl.DocumentoServiceImpl - Generando documento con el generador: Declaracion236Generator
2025-03-30 15:32:59 [http-nio-8080-exec-1] INFO  c.f.a.d.s.i.Declaracion236Generator - Iniciando generación de documento Declaracion236
2025-03-30 15:32:59 [http-nio-8080-exec-1] DEBUG c.f.a.d.s.i.Declaracion236Generator - Datos convertidos: Declaracion236(year=2024, fromName=Juan Pérez, fromIdentification=12345678, fromLocation=Bogotá, fromProfessionalNumber=MP-98765, installationDescription=Instalación eléctrica residencial monofásica, projectName=Edificio Los Pinos, projectLocation=Calle 123, projectAddress=Medellín, userName=María Rodríguez, userIdentification=87654321, signatureLocation=Medellín, signatureDate=01 de abril de 2024, signature=Juan Pérez, comments=Sin observaciones adicionales, annexedDocuments=1. Esquema eléctrico
2. Memoria de cálculo, responsibleAddress=Calle 456, Bogotá, phone=3001234567)
2025-03-30 15:32:59 [http-nio-8080-exec-1] DEBUG c.f.a.d.s.i.Declaracion236Generator - Plantilla cargada correctamente
2025-03-30 15:32:59 [http-nio-8080-exec-1] INFO  c.f.a.d.s.i.Declaracion236Generator - Documento generado exitosamente
2025-03-30 15:32:59 [http-nio-8080-exec-1] INFO  c.f.a.d.s.impl.DocumentoServiceImpl - Documento generado exitosamente
2025-03-30 15:32:59 [http-nio-8080-exec-1] DEBUG c.f.a.d.c.DocumentoController - Declaración 236 generada exitosamente
2025-03-30 15:34:18 [SpringApplicationShutdownHook] INFO  o.s.b.w.e.tomcat.GracefulShutdown - Commencing graceful shutdown. Waiting for active requests to complete
2025-03-30 15:34:18 [tomcat-shutdown] INFO  o.s.b.w.e.tomcat.GracefulShutdown - Graceful shutdown complete
2025-03-30 15:34:21 [restartedMain] INFO  c.f.a.d.DocGeneratorApplication - Starting DocGeneratorApplication using Java 17 with PID 54517 (/home/carlos/repositories/doc-generator/build/classes/java/main started by carlos in /home/carlos/repositories/doc-generator)
2025-03-30 15:34:21 [restartedMain] DEBUG c.f.a.d.DocGeneratorApplication - Running with Spring Boot v3.4.4, Spring v6.2.5
2025-03-30 15:34:21 [restartedMain] INFO  c.f.a.d.DocGeneratorApplication - No active profile set, falling back to 1 default profile: "default"
2025-03-30 15:34:21 [restartedMain] INFO  o.s.b.d.e.DevToolsPropertyDefaultsPostProcessor - Devtools property defaults active! Set 'spring.devtools.add-properties' to 'false' to disable
2025-03-30 15:34:21 [restartedMain] INFO  o.s.b.d.e.DevToolsPropertyDefaultsPostProcessor - For additional web related logging consider setting the 'logging.level.web' property to 'DEBUG'
2025-03-30 15:34:22 [restartedMain] INFO  o.s.b.w.e.tomcat.TomcatWebServer - Tomcat initialized with port 8080 (http)
2025-03-30 15:34:22 [restartedMain] INFO  o.a.catalina.core.StandardService - Starting service [Tomcat]
2025-03-30 15:34:22 [restartedMain] INFO  o.a.catalina.core.StandardEngine - Starting Servlet engine: [Apache Tomcat/10.1.39]
2025-03-30 15:34:22 [restartedMain] INFO  o.a.c.c.C.[Tomcat].[localhost].[/] - Initializing Spring embedded WebApplicationContext
2025-03-30 15:34:22 [restartedMain] INFO  o.s.b.w.s.c.ServletWebServerApplicationContext - Root WebApplicationContext: initialization completed in 723 ms
2025-03-30 15:34:22 [restartedMain] INFO  c.f.a.d.s.impl.DocumentoServiceImpl - Generadores de documentos inicializados
2025-03-30 15:34:22 [restartedMain] INFO  o.s.v.b.OptionalValidatorFactoryBean - Failed to set up a Bean Validation provider: jakarta.validation.NoProviderFoundException: Unable to create a Configuration, because no Jakarta Bean Validation provider could be found. Add a provider like Hibernate Validator (RI) to your classpath.
2025-03-30 15:34:23 [restartedMain] INFO  o.s.b.d.a.OptionalLiveReloadServer - LiveReload server is running on port 35729
2025-03-30 15:34:23 [restartedMain] INFO  o.s.b.w.e.tomcat.TomcatWebServer - Tomcat started on port 8080 (http) with context path '/'
2025-03-30 15:34:23 [restartedMain] INFO  c.f.a.d.DocGeneratorApplication - Started DocGeneratorApplication in 1.434 seconds (process running for 1.703)
2025-03-30 15:34:34 [http-nio-8080-exec-1] INFO  o.a.c.c.C.[Tomcat].[localhost].[/] - Initializing Spring DispatcherServlet 'dispatcherServlet'
2025-03-30 15:34:34 [http-nio-8080-exec-1] INFO  o.s.web.servlet.DispatcherServlet - Initializing Servlet 'dispatcherServlet'
2025-03-30 15:34:34 [http-nio-8080-exec-1] INFO  o.s.web.servlet.DispatcherServlet - Completed initialization in 1 ms
2025-03-30 15:34:34 [http-nio-8080-exec-1] INFO  c.f.a.d.c.DocumentoController - Iniciando generación de declaración 236
2025-03-30 15:34:34 [http-nio-8080-exec-1] DEBUG c.f.a.d.c.DocumentoController - Request recibido: DocumentoRequest(tipoDocumento=null, body={year=2024, fromName=Juan Pérez, fromIdentification=12345678, fromLocation=Bogotá, fromProfessionalNumber=MP-98765, installationDescription=Instalación eléctrica residencial monofásica, projectName=Edificio Los Pinos, projectLocation=Calle 123, projectAddress=Medellín, userName=María Rodríguez, userIdentification=87654321, signatureLocation=Medellín, signatureDate=01 de abril de 2024, signature=Juan Pérez, comments=Sin observaciones adicionales, annexedDocuments=1. Esquema eléctrico
2. Memoria de cálculo, responsibleAddress=Calle 456, Bogotá, phone=3001234567})
2025-03-30 15:34:34 [http-nio-8080-exec-1] DEBUG c.f.a.d.c.DocumentoController - Tipo de documento establecido: DECLARACION_236
2025-03-30 15:34:34 [http-nio-8080-exec-1] INFO  c.f.a.d.s.impl.DocumentoServiceImpl - Iniciando generación de documento individual
2025-03-30 15:34:34 [http-nio-8080-exec-1] DEBUG c.f.a.d.s.impl.DocumentoServiceImpl - Request recibido en servicio: DocumentoRequest(tipoDocumento=DECLARACION_236, body={year=2024, fromName=Juan Pérez, fromIdentification=12345678, fromLocation=Bogotá, fromProfessionalNumber=MP-98765, installationDescription=Instalación eléctrica residencial monofásica, projectName=Edificio Los Pinos, projectLocation=Calle 123, projectAddress=Medellín, userName=María Rodríguez, userIdentification=87654321, signatureLocation=Medellín, signatureDate=01 de abril de 2024, signature=Juan Pérez, comments=Sin observaciones adicionales, annexedDocuments=1. Esquema eléctrico
2. Memoria de cálculo, responsibleAddress=Calle 456, Bogotá, phone=3001234567})
2025-03-30 15:34:34 [http-nio-8080-exec-1] DEBUG c.f.a.d.s.impl.DocumentoServiceImpl - Tipo de documento en request: DECLARACION_236
2025-03-30 15:34:34 [http-nio-8080-exec-1] DEBUG c.f.a.d.s.impl.DocumentoServiceImpl - Generadores disponibles: [NO_HAY_PERMISO_LINEAS_CARRETERA, AUTORIZACION_CONEXION, DECLARACION_236, AUTORIZACION_TRAMITES, SOLICITUD_CODIGOS_SPARD]
2025-03-30 15:34:34 [http-nio-8080-exec-1] DEBUG c.f.a.d.s.impl.DocumentoServiceImpl - Generando documento con el generador: Declaracion236Generator
2025-03-30 15:34:34 [http-nio-8080-exec-1] INFO  c.f.a.d.s.i.Declaracion236Generator - Iniciando generación de documento Declaracion236
2025-03-30 15:34:34 [http-nio-8080-exec-1] DEBUG c.f.a.d.s.i.Declaracion236Generator - Datos convertidos: Declaracion236(year=2024, fromName=Juan Pérez, fromIdentification=12345678, fromLocation=Bogotá, fromProfessionalNumber=MP-98765, installationDescription=Instalación eléctrica residencial monofásica, projectName=Edificio Los Pinos, projectLocation=Calle 123, projectAddress=Medellín, userName=María Rodríguez, userIdentification=87654321, signatureLocation=Medellín, signatureDate=01 de abril de 2024, signature=Juan Pérez, comments=Sin observaciones adicionales, annexedDocuments=1. Esquema eléctrico
2. Memoria de cálculo, responsibleAddress=Calle 456, Bogotá, phone=3001234567)
2025-03-30 15:34:35 [http-nio-8080-exec-1] DEBUG c.f.a.d.s.i.Declaracion236Generator - Plantilla cargada correctamente
2025-03-30 15:34:35 [http-nio-8080-exec-1] INFO  c.f.a.d.s.i.Declaracion236Generator - Documento generado exitosamente
2025-03-30 15:34:35 [http-nio-8080-exec-1] INFO  c.f.a.d.s.impl.DocumentoServiceImpl - Documento generado exitosamente
2025-03-30 15:34:35 [http-nio-8080-exec-1] DEBUG c.f.a.d.c.DocumentoController - Declaración 236 generada exitosamente
2025-03-30 15:34:53 [SpringApplicationShutdownHook] INFO  o.s.b.w.e.tomcat.GracefulShutdown - Commencing graceful shutdown. Waiting for active requests to complete
2025-03-30 15:34:53 [tomcat-shutdown] INFO  o.s.b.w.e.tomcat.GracefulShutdown - Graceful shutdown complete
